
2019-08-29 20:11:29,770 [main] INFO com.example.demo.SareetaApplication - Starting SareetaApplication on KENNEDY-LAPI with PID 2944 (started by kkariuki in D:\Workspace\Learning\Udacity spring course\JDND\projects\P04-eCommerce Application\starter_code)
2019-08-29 20:11:29,779 [main] INFO com.example.demo.SareetaApplication - No active profile set, falling back to default profiles: default
2019-08-29 20:11:30,654 [main] INFO org.springframework.data.repository.config.RepositoryConfigurationDelegate - Bootstrapping Spring Data repositories in DEFAULT mode.
2019-08-29 20:11:30,726 [main] INFO org.springframework.data.repository.config.RepositoryConfigurationDelegate - Finished Spring Data repository scanning in 64ms. Found 4 repository interfaces.
2019-08-29 20:11:31,151 [main] INFO org.springframework.context.support.PostProcessorRegistrationDelegate$BeanPostProcessorChecker - Bean 'org.springframework.transaction.annotation.ProxyTransactionManagementConfiguration' of type [org.springframework.transaction.annotation.ProxyTransactionManagementConfiguration$$EnhancerBySpringCGLIB$$f6ccc0d9] is not eligible for getting processed by all BeanPostProcessors (for example: not eligible for auto-proxying)
2019-08-29 20:11:31,441 [main] INFO org.springframework.boot.web.embedded.tomcat.TomcatWebServer - Tomcat initialized with port(s): 8080 (http)
2019-08-29 20:11:31,459 [main] INFO org.apache.coyote.http11.Http11NioProtocol - Initializing ProtocolHandler ["http-nio-8080"]
2019-08-29 20:11:31,471 [main] INFO org.apache.catalina.core.StandardService - Starting service [Tomcat]
2019-08-29 20:11:31,472 [main] INFO org.apache.catalina.core.StandardEngine - Starting Servlet engine: [Apache Tomcat/9.0.19]
2019-08-29 20:11:31,568 [main] INFO org.apache.catalina.core.ContainerBase.[Tomcat].[localhost].[/] - Initializing Spring embedded WebApplicationContext
2019-08-29 20:11:31,569 [main] INFO org.springframework.web.context.ContextLoader - Root WebApplicationContext: initialization completed in 1729 ms
2019-08-29 20:11:31,726 [main] INFO com.zaxxer.hikari.HikariDataSource - HikariPool-1 - Starting...
2019-08-29 20:11:31,911 [main] INFO com.zaxxer.hikari.HikariDataSource - HikariPool-1 - Start completed.
2019-08-29 20:11:31,970 [main] INFO org.hibernate.jpa.internal.util.LogHelper - HHH000204: Processing PersistenceUnitInfo [
	name: default
	...]
2019-08-29 20:11:32,092 [main] INFO org.hibernate.Version - HHH000412: Hibernate Core {5.3.10.Final}
2019-08-29 20:11:32,093 [main] INFO org.hibernate.cfg.Environment - HHH000206: hibernate.properties not found
2019-08-29 20:11:32,306 [main] INFO org.hibernate.annotations.common.Version - HCANN000001: Hibernate Commons Annotations {5.0.4.Final}
2019-08-29 20:11:32,546 [main] INFO org.hibernate.dialect.Dialect - HHH000400: Using dialect: org.hibernate.dialect.H2Dialect
2019-08-29 20:11:33,545 [main] INFO org.springframework.orm.jpa.LocalContainerEntityManagerFactoryBean - Initialized JPA EntityManagerFactory for persistence unit 'default'
2019-08-29 20:11:34,299 [main] INFO org.springframework.security.web.DefaultSecurityFilterChain - Creating filter chain: any request, [org.springframework.security.web.context.request.async.WebAsyncManagerIntegrationFilter@54f2df29, org.springframework.security.web.context.SecurityContextPersistenceFilter@77ea806f, org.springframework.security.web.header.HeaderWriterFilter@4fe8f2ae, org.springframework.web.filter.CorsFilter@6df791a4, org.springframework.security.web.authentication.logout.LogoutFilter@26bb92e2, com.example.demo.security.JWTAuthenticationFilter@655203e3, com.example.demo.security.JWTAuthorizationFilter@305552d6, org.springframework.security.web.savedrequest.RequestCacheAwareFilter@14a1769d, org.springframework.security.web.servletapi.SecurityContextHolderAwareRequestFilter@afee63, org.springframework.security.web.authentication.AnonymousAuthenticationFilter@729cd862, org.springframework.security.web.session.SessionManagementFilter@61808ecd, org.springframework.security.web.access.ExceptionTranslationFilter@d70e9a, org.springframework.security.web.access.intercept.FilterSecurityInterceptor@38089dae]
2019-08-29 20:11:34,535 [main] INFO org.springframework.scheduling.concurrent.ThreadPoolTaskExecutor - Initializing ExecutorService 'applicationTaskExecutor'
2019-08-29 20:11:34,591 [main] WARN org.springframework.boot.autoconfigure.orm.jpa.JpaBaseConfiguration$JpaWebConfiguration$JpaWebMvcConfiguration - spring.jpa.open-in-view is enabled by default. Therefore, database queries may be performed during view rendering. Explicitly configure spring.jpa.open-in-view to disable this warning
2019-08-29 20:11:34,718 [main] INFO org.apache.coyote.http11.Http11NioProtocol - Starting ProtocolHandler ["http-nio-8080"]
2019-08-29 20:11:34,735 [main] INFO org.springframework.boot.web.embedded.tomcat.TomcatWebServer - Tomcat started on port(s): 8080 (http) with context path ''
2019-08-29 20:11:34,736 [main] INFO com.example.demo.SareetaApplication - Started SareetaApplication in 5.397 seconds (JVM running for 7.016)
2019-08-29 20:36:09,479 [http-nio-8080-exec-1] INFO org.apache.catalina.core.ContainerBase.[Tomcat].[localhost].[/] - Initializing Spring DispatcherServlet 'dispatcherServlet'
2019-08-29 20:36:09,479 [http-nio-8080-exec-1] INFO org.springframework.web.servlet.DispatcherServlet - Initializing Servlet 'dispatcherServlet'
2019-08-29 20:36:09,491 [http-nio-8080-exec-1] INFO org.springframework.web.servlet.DispatcherServlet - Completed initialization in 12 ms
2019-08-29 20:36:09,977 [http-nio-8080-exec-1] INFO org.hibernate.hql.internal.QueryTranslatorFactoryInitiator - HHH000397: Using ASTQueryTranslatorFactory
2019-08-29 20:36:10,154 [http-nio-8080-exec-1] ERROR com.example.demo.security.UserDetailsServiceImpl - User called >>>>>>>>>> null
2019-08-29 20:36:10,294 [http-nio-8080-exec-1] ERROR com.example.demo.config.exceptions.RestAuthenticationEntryPoint - Access Denied: Sorry you don't have privileges to perform this action [org.springframework.security.web.access.ExceptionTranslationFilter.handleSpringSecurityException(ExceptionTranslationFilter.java:190), org.springframework.security.web.access.ExceptionTranslationFilter.doFilter(ExceptionTranslationFilter.java:141), org.springframework.security.web.FilterChainProxy$VirtualFilterChain.doFilter(FilterChainProxy.java:334), org.springframework.security.web.session.SessionManagementFilter.doFilter(SessionManagementFilter.java:137), org.springframework.security.web.FilterChainProxy$VirtualFilterChain.doFilter(FilterChainProxy.java:334), org.springframework.security.web.authentication.AnonymousAuthenticationFilter.doFilter(AnonymousAuthenticationFilter.java:111), org.springframework.security.web.FilterChainProxy$VirtualFilterChain.doFilter(FilterChainProxy.java:334), org.springframework.security.web.servletapi.SecurityContextHolderAwareRequestFilter.doFilter(SecurityContextHolderAwareRequestFilter.java:170), org.springframework.security.web.FilterChainProxy$VirtualFilterChain.doFilter(FilterChainProxy.java:334), org.springframework.security.web.savedrequest.RequestCacheAwareFilter.doFilter(RequestCacheAwareFilter.java:63), org.springframework.security.web.FilterChainProxy$VirtualFilterChain.doFilter(FilterChainProxy.java:334), org.springframework.web.filter.OncePerRequestFilter.doFilter(OncePerRequestFilter.java:101), org.springframework.security.web.FilterChainProxy$VirtualFilterChain.doFilter(FilterChainProxy.java:334), org.springframework.security.web.authentication.AbstractAuthenticationProcessingFilter.doFilter(AbstractAuthenticationProcessingFilter.java:200), org.springframework.security.web.FilterChainProxy$VirtualFilterChain.doFilter(FilterChainProxy.java:334), org.springframework.security.web.authentication.logout.LogoutFilter.doFilter(LogoutFilter.java:116), org.springframework.security.web.FilterChainProxy$VirtualFilterChain.doFilter(FilterChainProxy.java:334), org.springframework.web.filter.OncePerRequestFilter.doFilter(OncePerRequestFilter.java:101), org.springframework.security.web.FilterChainProxy$VirtualFilterChain.doFilter(FilterChainProxy.java:334), org.springframework.web.filter.OncePerRequestFilter.doFilter(OncePerRequestFilter.java:101), org.springframework.security.web.FilterChainProxy$VirtualFilterChain.doFilter(FilterChainProxy.java:334), org.springframework.security.web.context.SecurityContextPersistenceFilter.doFilter(SecurityContextPersistenceFilter.java:105), org.springframework.security.web.FilterChainProxy$VirtualFilterChain.doFilter(FilterChainProxy.java:334), org.springframework.web.filter.OncePerRequestFilter.doFilter(OncePerRequestFilter.java:101), org.springframework.security.web.FilterChainProxy$VirtualFilterChain.doFilter(FilterChainProxy.java:334), org.springframework.security.web.FilterChainProxy.doFilterInternal(FilterChainProxy.java:215), org.springframework.security.web.FilterChainProxy.doFilter(FilterChainProxy.java:178), org.springframework.web.filter.DelegatingFilterProxy.invokeDelegate(DelegatingFilterProxy.java:357), org.springframework.web.filter.DelegatingFilterProxy.doFilter(DelegatingFilterProxy.java:270), org.apache.catalina.core.ApplicationFilterChain.internalDoFilter(ApplicationFilterChain.java:193), org.apache.catalina.core.ApplicationFilterChain.doFilter(ApplicationFilterChain.java:166), org.apache.catalina.core.ApplicationDispatcher.invoke(ApplicationDispatcher.java:712), org.apache.catalina.core.ApplicationDispatcher.processRequest(ApplicationDispatcher.java:461), org.apache.catalina.core.ApplicationDispatcher.doForward(ApplicationDispatcher.java:384), org.apache.catalina.core.ApplicationDispatcher.forward(ApplicationDispatcher.java:312), org.apache.catalina.core.StandardHostValve.custom(StandardHostValve.java:394), org.apache.catalina.core.StandardHostValve.status(StandardHostValve.java:253), org.apache.catalina.core.StandardHostValve.invoke(StandardHostValve.java:175), org.apache.catalina.valves.ErrorReportValve.invoke(ErrorReportValve.java:92), org.apache.catalina.core.StandardEngineValve.invoke(StandardEngineValve.java:74), org.apache.catalina.connector.CoyoteAdapter.service(CoyoteAdapter.java:343), org.apache.coyote.http11.Http11Processor.service(Http11Processor.java:408), org.apache.coyote.AbstractProcessorLight.process(AbstractProcessorLight.java:66), org.apache.coyote.AbstractProtocol$ConnectionHandler.process(AbstractProtocol.java:836), org.apache.tomcat.util.net.NioEndpoint$SocketProcessor.doRun(NioEndpoint.java:1747), org.apache.tomcat.util.net.SocketProcessorBase.run(SocketProcessorBase.java:49), java.util.concurrent.ThreadPoolExecutor.runWorker(ThreadPoolExecutor.java:1149), java.util.concurrent.ThreadPoolExecutor$Worker.run(ThreadPoolExecutor.java:624), org.apache.tomcat.util.threads.TaskThread$WrappingRunnable.run(TaskThread.java:61), java.lang.Thread.run(Thread.java:748)]
2019-08-29 20:39:24,906 [http-nio-8080-exec-5] INFO com.example.demo.controllers.UserController - get user by username Sareeta 
2019-08-29 20:39:28,640 [http-nio-8080-exec-10] INFO com.example.demo.controllers.UserController - Creating user Sareeta
2019-08-29 20:39:28,862 [http-nio-8080-exec-10] INFO com.example.demo.controllers.UserController - create user Sareeta successful
2019-08-29 20:39:31,539 [http-nio-8080-exec-7] ERROR com.example.demo.security.UserDetailsServiceImpl - User called >>>>>>>>>> Sareeta >>>>>> {bcrypt}$2a$10$QbC.DsxMFgJW68ZIXyaOFeku/WrtIflL9Xrv8DZVezERgcG7c.wm.
2019-08-29 20:39:31,540 [http-nio-8080-exec-7] ERROR com.example.demo.security.UserDetailsServiceImpl - authorities called >>>>>>>>>> :[ROLE_USER]
2019-08-29 20:39:34,435 [http-nio-8080-exec-9] INFO com.example.demo.controllers.UserController - get user by id 1 
2019-08-29 20:39:37,140 [http-nio-8080-exec-8] INFO com.example.demo.controllers.UserController - get user by username Sareeta 
2019-08-29 20:50:06,998 [http-nio-8080-exec-1] INFO com.example.demo.controllers.UserController - get user by username Sareeta 
2019-08-29 20:50:35,389 [http-nio-8080-exec-3] INFO com.example.demo.controllers.UserController - get user by username Sareeta 
2019-08-29 21:03:01,222 [http-nio-8080-exec-10] INFO com.example.demo.controllers.UserController - Creating user Splunker
2019-08-29 21:03:01,322 [http-nio-8080-exec-10] INFO com.example.demo.controllers.UserController - create user Splunker successful
2019-08-29 22:08:47,384 [http-nio-8080-exec-9] ERROR com.example.demo.config.exceptions.RestAuthenticationEntryPoint - Access Denied: Sorry you don't have privileges to perform this action [org.springframework.security.web.access.ExceptionTranslationFilter.handleSpringSecurityException(ExceptionTranslationFilter.java:190), org.springframework.security.web.access.ExceptionTranslationFilter.doFilter(ExceptionTranslationFilter.java:141), org.springframework.security.web.FilterChainProxy$VirtualFilterChain.doFilter(FilterChainProxy.java:334), org.springframework.security.web.session.SessionManagementFilter.doFilter(SessionManagementFilter.java:137), org.springframework.security.web.FilterChainProxy$VirtualFilterChain.doFilter(FilterChainProxy.java:334), org.springframework.security.web.authentication.AnonymousAuthenticationFilter.doFilter(AnonymousAuthenticationFilter.java:111), org.springframework.security.web.FilterChainProxy$VirtualFilterChain.doFilter(FilterChainProxy.java:334), org.springframework.security.web.servletapi.SecurityContextHolderAwareRequestFilter.doFilter(SecurityContextHolderAwareRequestFilter.java:170), org.springframework.security.web.FilterChainProxy$VirtualFilterChain.doFilter(FilterChainProxy.java:334), org.springframework.security.web.savedrequest.RequestCacheAwareFilter.doFilter(RequestCacheAwareFilter.java:63), org.springframework.security.web.FilterChainProxy$VirtualFilterChain.doFilter(FilterChainProxy.java:334), com.example.demo.security.JWTAuthorizationFilter.doFilterInternal(JWTAuthorizationFilter.java:38), org.springframework.web.filter.OncePerRequestFilter.doFilter(OncePerRequestFilter.java:107), org.springframework.security.web.FilterChainProxy$VirtualFilterChain.doFilter(FilterChainProxy.java:334), org.springframework.security.web.authentication.AbstractAuthenticationProcessingFilter.doFilter(AbstractAuthenticationProcessingFilter.java:200), org.springframework.security.web.FilterChainProxy$VirtualFilterChain.doFilter(FilterChainProxy.java:334), org.springframework.security.web.authentication.logout.LogoutFilter.doFilter(LogoutFilter.java:116), org.springframework.security.web.FilterChainProxy$VirtualFilterChain.doFilter(FilterChainProxy.java:334), org.springframework.web.filter.CorsFilter.doFilterInternal(CorsFilter.java:96), org.springframework.web.filter.OncePerRequestFilter.doFilter(OncePerRequestFilter.java:107), org.springframework.security.web.FilterChainProxy$VirtualFilterChain.doFilter(FilterChainProxy.java:334), org.springframework.security.web.header.HeaderWriterFilter.doFilterInternal(HeaderWriterFilter.java:74), org.springframework.web.filter.OncePerRequestFilter.doFilter(OncePerRequestFilter.java:107), org.springframework.security.web.FilterChainProxy$VirtualFilterChain.doFilter(FilterChainProxy.java:334), org.springframework.security.web.context.SecurityContextPersistenceFilter.doFilter(SecurityContextPersistenceFilter.java:105), org.springframework.security.web.FilterChainProxy$VirtualFilterChain.doFilter(FilterChainProxy.java:334), org.springframework.security.web.context.request.async.WebAsyncManagerIntegrationFilter.doFilterInternal(WebAsyncManagerIntegrationFilter.java:56), org.springframework.web.filter.OncePerRequestFilter.doFilter(OncePerRequestFilter.java:107), org.springframework.security.web.FilterChainProxy$VirtualFilterChain.doFilter(FilterChainProxy.java:334), org.springframework.security.web.FilterChainProxy.doFilterInternal(FilterChainProxy.java:215), org.springframework.security.web.FilterChainProxy.doFilter(FilterChainProxy.java:178), org.springframework.web.filter.DelegatingFilterProxy.invokeDelegate(DelegatingFilterProxy.java:357), org.springframework.web.filter.DelegatingFilterProxy.doFilter(DelegatingFilterProxy.java:270), org.apache.catalina.core.ApplicationFilterChain.internalDoFilter(ApplicationFilterChain.java:193), org.apache.catalina.core.ApplicationFilterChain.doFilter(ApplicationFilterChain.java:166), org.springframework.web.filter.RequestContextFilter.doFilterInternal(RequestContextFilter.java:99), org.springframework.web.filter.OncePerRequestFilter.doFilter(OncePerRequestFilter.java:107), org.apache.catalina.core.ApplicationFilterChain.internalDoFilter(ApplicationFilterChain.java:193), org.apache.catalina.core.ApplicationFilterChain.doFilter(ApplicationFilterChain.java:166), org.springframework.web.filter.FormContentFilter.doFilterInternal(FormContentFilter.java:92), org.springframework.web.filter.OncePerRequestFilter.doFilter(OncePerRequestFilter.java:107), org.apache.catalina.core.ApplicationFilterChain.internalDoFilter(ApplicationFilterChain.java:193), org.apache.catalina.core.ApplicationFilterChain.doFilter(ApplicationFilterChain.java:166), org.springframework.web.filter.HiddenHttpMethodFilter.doFilterInternal(HiddenHttpMethodFilter.java:93), org.springframework.web.filter.OncePerRequestFilter.doFilter(OncePerRequestFilter.java:107), org.apache.catalina.core.ApplicationFilterChain.internalDoFilter(ApplicationFilterChain.java:193), org.apache.catalina.core.ApplicationFilterChain.doFilter(ApplicationFilterChain.java:166), org.springframework.web.filter.CharacterEncodingFilter.doFilterInternal(CharacterEncodingFilter.java:200), org.springframework.web.filter.OncePerRequestFilter.doFilter(OncePerRequestFilter.java:107), org.apache.catalina.core.ApplicationFilterChain.internalDoFilter(ApplicationFilterChain.java:193), org.apache.catalina.core.ApplicationFilterChain.doFilter(ApplicationFilterChain.java:166), org.apache.catalina.core.StandardWrapperValve.invoke(StandardWrapperValve.java:200), org.apache.catalina.core.StandardContextValve.invoke(StandardContextValve.java:96), org.apache.catalina.authenticator.AuthenticatorBase.invoke(AuthenticatorBase.java:490), org.apache.catalina.core.StandardHostValve.invoke(StandardHostValve.java:139), org.apache.catalina.valves.ErrorReportValve.invoke(ErrorReportValve.java:92), org.apache.catalina.core.StandardEngineValve.invoke(StandardEngineValve.java:74), org.apache.catalina.connector.CoyoteAdapter.service(CoyoteAdapter.java:343), org.apache.coyote.http11.Http11Processor.service(Http11Processor.java:408), org.apache.coyote.AbstractProcessorLight.process(AbstractProcessorLight.java:66), org.apache.coyote.AbstractProtocol$ConnectionHandler.process(AbstractProtocol.java:836), org.apache.tomcat.util.net.NioEndpoint$SocketProcessor.doRun(NioEndpoint.java:1747), org.apache.tomcat.util.net.SocketProcessorBase.run(SocketProcessorBase.java:49), java.util.concurrent.ThreadPoolExecutor.runWorker(ThreadPoolExecutor.java:1149), java.util.concurrent.ThreadPoolExecutor$Worker.run(ThreadPoolExecutor.java:624), org.apache.tomcat.util.threads.TaskThread$WrappingRunnable.run(TaskThread.java:61), java.lang.Thread.run(Thread.java:748)]
2019-08-29 22:41:58,620 [main] INFO org.springframework.boot.test.autoconfigure.web.servlet.WebMvcTestContextBootstrapper - Neither @ContextConfiguration nor @ContextHierarchy found for test class [com.example.demo.controller.OrderRepositoryTest], using SpringBootContextLoader
2019-08-29 22:41:58,632 [main] INFO org.springframework.test.context.support.AbstractContextLoader - Could not detect default resource locations for test class [com.example.demo.controller.OrderRepositoryTest]: no resource found for suffixes {-context.xml, Context.groovy}.
2019-08-29 22:41:58,633 [main] INFO org.springframework.test.context.support.AnnotationConfigContextLoaderUtils - Could not detect default configuration classes for test class [com.example.demo.controller.OrderRepositoryTest]: OrderRepositoryTest does not declare any static, non-private, non-final, nested classes annotated with @Configuration.
2019-08-29 22:41:58,859 [main] INFO org.springframework.boot.test.context.SpringBootTestContextBootstrapper - Found @SpringBootConfiguration com.example.demo.SareetaApplication for test class com.example.demo.controller.OrderRepositoryTest
2019-08-29 22:41:58,862 [main] INFO org.springframework.boot.test.autoconfigure.web.servlet.WebMvcTestContextBootstrapper - Loaded default TestExecutionListener class names from location [META-INF/spring.factories]: [org.springframework.security.test.context.support.WithSecurityContextTestExecutionListener, org.springframework.security.test.context.support.ReactorContextTestExecutionListener, org.springframework.test.context.web.ServletTestExecutionListener, org.springframework.test.context.support.DirtiesContextBeforeModesTestExecutionListener, org.springframework.test.context.support.DependencyInjectionTestExecutionListener, org.springframework.test.context.support.DirtiesContextTestExecutionListener, org.springframework.test.context.transaction.TransactionalTestExecutionListener, org.springframework.test.context.jdbc.SqlScriptsTestExecutionListener, org.springframework.boot.test.mock.mockito.MockitoTestExecutionListener, org.springframework.boot.test.mock.mockito.ResetMocksTestExecutionListener, org.springframework.boot.test.autoconfigure.restdocs.RestDocsTestExecutionListener, org.springframework.boot.test.autoconfigure.web.client.MockRestServiceServerResetTestExecutionListener, org.springframework.boot.test.autoconfigure.web.servlet.MockMvcPrintOnlyOnFailureTestExecutionListener, org.springframework.boot.test.autoconfigure.web.servlet.WebDriverTestExecutionListener]
2019-08-29 22:41:58,889 [main] INFO org.springframework.boot.test.autoconfigure.web.servlet.WebMvcTestContextBootstrapper - Using TestExecutionListeners: [org.springframework.test.context.web.ServletTestExecutionListener@f09733f, org.springframework.test.context.support.DirtiesContextBeforeModesTestExecutionListener@e350b40, org.springframework.boot.test.mock.mockito.MockitoTestExecutionListener@41a0aa7d, org.springframework.boot.test.autoconfigure.SpringBootDependencyInjectionTestExecutionListener@2794eab6, org.springframework.test.context.support.DirtiesContextTestExecutionListener@6340e5f0, org.springframework.test.context.transaction.TransactionalTestExecutionListener@45099dd3, org.springframework.test.context.jdbc.SqlScriptsTestExecutionListener@13e344d, org.springframework.security.test.context.support.WithSecurityContextTestExecutionListener@1ffaf86, org.springframework.security.test.context.support.ReactorContextTestExecutionListener@6574a52c, org.springframework.boot.test.mock.mockito.ResetMocksTestExecutionListener@6c1a5b54, org.springframework.boot.test.autoconfigure.restdocs.RestDocsTestExecutionListener@1c7696c6, org.springframework.boot.test.autoconfigure.web.client.MockRestServiceServerResetTestExecutionListener@60099951, org.springframework.boot.test.autoconfigure.web.servlet.MockMvcPrintOnlyOnFailureTestExecutionListener@20140db9, org.springframework.boot.test.autoconfigure.web.servlet.WebDriverTestExecutionListener@1e6a3214]
2019-08-29 22:41:59,407 [main] INFO com.example.demo.controller.OrderRepositoryTest - Starting OrderRepositoryTest on KENNEDY-LAPI with PID 9836 (started by kkariuki in D:\Workspace\Learning\Udacity spring course\JDND\projects\P04-eCommerce Application\starter_code)
2019-08-29 22:41:59,409 [main] INFO com.example.demo.controller.OrderRepositoryTest - No active profile set, falling back to default profiles: default
2019-08-29 22:41:59,995 [main] INFO org.springframework.data.repository.config.RepositoryConfigurationDelegate - Bootstrapping Spring Data repositories in DEFAULT mode.
2019-08-29 22:42:00,088 [main] INFO org.springframework.data.repository.config.RepositoryConfigurationDelegate - Finished Spring Data repository scanning in 84ms. Found 4 repository interfaces.
2019-08-29 22:42:01,063 [main] WARN org.springframework.web.context.support.GenericWebApplicationContext - Exception encountered during context initialization - cancelling refresh attempt: org.springframework.beans.factory.UnsatisfiedDependencyException: Error creating bean with name 'webSecurity' defined in file [D:\Workspace\Learning\Udacity spring course\JDND\projects\P04-eCommerce Application\starter_code\target\classes\com\example\demo\security\WebSecurity.class]: Unsatisfied dependency expressed through constructor parameter 0; nested exception is org.springframework.beans.factory.NoSuchBeanDefinitionException: No qualifying bean of type 'com.example.demo.security.UserDetailsServiceImpl' available: expected at least 1 bean which qualifies as autowire candidate. Dependency annotations: {}
2019-08-29 22:42:01,068 [main] INFO org.springframework.boot.autoconfigure.logging.ConditionEvaluationReportLoggingListener - 

Error starting ApplicationContext. To display the conditions report re-run your application with 'debug' enabled.
2019-08-29 22:42:01,101 [main] ERROR org.springframework.boot.diagnostics.LoggingFailureAnalysisReporter - 

***************************
APPLICATION FAILED TO START
***************************

Description:

Parameter 0 of constructor in com.example.demo.security.WebSecurity required a bean of type 'com.example.demo.security.UserDetailsServiceImpl' that could not be found.


Action:

Consider defining a bean of type 'com.example.demo.security.UserDetailsServiceImpl' in your configuration.

2019-08-29 22:42:01,103 [main] ERROR org.springframework.test.context.TestContextManager - Caught exception while allowing TestExecutionListener [org.springframework.boot.test.mock.mockito.MockitoTestExecutionListener@41a0aa7d] to prepare test instance [com.example.demo.controller.OrderRepositoryTest@64984b0f]
java.lang.IllegalStateException: Failed to load ApplicationContext
	at org.springframework.test.context.cache.DefaultCacheAwareContextLoaderDelegate.loadContext(DefaultCacheAwareContextLoaderDelegate.java:125) ~[spring-test-5.1.7.RELEASE.jar:5.1.7.RELEASE]
	at org.springframework.test.context.support.DefaultTestContext.getApplicationContext(DefaultTestContext.java:108) ~[spring-test-5.1.7.RELEASE.jar:5.1.7.RELEASE]
	at org.springframework.boot.test.mock.mockito.MockitoTestExecutionListener.postProcessFields(MockitoTestExecutionListener.java:99) ~[spring-boot-test-2.1.5.RELEASE.jar:2.1.5.RELEASE]
	at org.springframework.boot.test.mock.mockito.MockitoTestExecutionListener.injectFields(MockitoTestExecutionListener.java:79) ~[spring-boot-test-2.1.5.RELEASE.jar:2.1.5.RELEASE]
	at org.springframework.boot.test.mock.mockito.MockitoTestExecutionListener.prepareTestInstance(MockitoTestExecutionListener.java:54) ~[spring-boot-test-2.1.5.RELEASE.jar:2.1.5.RELEASE]
	at org.springframework.test.context.TestContextManager.prepareTestInstance(TestContextManager.java:246) [spring-test-5.1.7.RELEASE.jar:5.1.7.RELEASE]
	at org.springframework.test.context.junit4.SpringJUnit4ClassRunner.createTest(SpringJUnit4ClassRunner.java:227) [spring-test-5.1.7.RELEASE.jar:5.1.7.RELEASE]
	at org.springframework.test.context.junit4.SpringJUnit4ClassRunner$1.runReflectiveCall(SpringJUnit4ClassRunner.java:289) [spring-test-5.1.7.RELEASE.jar:5.1.7.RELEASE]
	at org.junit.internal.runners.model.ReflectiveCallable.run(ReflectiveCallable.java:12) [junit-4.12.jar:4.12]
	at org.springframework.test.context.junit4.SpringJUnit4ClassRunner.methodBlock(SpringJUnit4ClassRunner.java:291) [spring-test-5.1.7.RELEASE.jar:5.1.7.RELEASE]
	at org.springframework.test.context.junit4.SpringJUnit4ClassRunner.runChild(SpringJUnit4ClassRunner.java:246) [spring-test-5.1.7.RELEASE.jar:5.1.7.RELEASE]
	at org.springframework.test.context.junit4.SpringJUnit4ClassRunner.runChild(SpringJUnit4ClassRunner.java:97) [spring-test-5.1.7.RELEASE.jar:5.1.7.RELEASE]
	at org.junit.runners.ParentRunner$3.run(ParentRunner.java:290) [junit-4.12.jar:4.12]
	at org.junit.runners.ParentRunner$1.schedule(ParentRunner.java:71) [junit-4.12.jar:4.12]
	at org.junit.runners.ParentRunner.runChildren(ParentRunner.java:288) [junit-4.12.jar:4.12]
	at org.junit.runners.ParentRunner.access$000(ParentRunner.java:58) [junit-4.12.jar:4.12]
	at org.junit.runners.ParentRunner$2.evaluate(ParentRunner.java:268) [junit-4.12.jar:4.12]
	at org.springframework.test.context.junit4.statements.RunBeforeTestClassCallbacks.evaluate(RunBeforeTestClassCallbacks.java:61) [spring-test-5.1.7.RELEASE.jar:5.1.7.RELEASE]
	at org.springframework.test.context.junit4.statements.RunAfterTestClassCallbacks.evaluate(RunAfterTestClassCallbacks.java:70) [spring-test-5.1.7.RELEASE.jar:5.1.7.RELEASE]
	at org.junit.runners.ParentRunner.run(ParentRunner.java:363) [junit-4.12.jar:4.12]
	at org.springframework.test.context.junit4.SpringJUnit4ClassRunner.run(SpringJUnit4ClassRunner.java:190) [spring-test-5.1.7.RELEASE.jar:5.1.7.RELEASE]
	at org.junit.runner.JUnitCore.run(JUnitCore.java:137) [junit-4.12.jar:4.12]
	at com.intellij.junit4.JUnit4IdeaTestRunner.startRunnerWithArgs(JUnit4IdeaTestRunner.java:68) [junit-rt.jar:?]
	at com.intellij.rt.execution.junit.IdeaTestRunner$Repeater.startRunnerWithArgs(IdeaTestRunner.java:47) [junit-rt.jar:?]
	at com.intellij.rt.execution.junit.JUnitStarter.prepareStreamsAndStart(JUnitStarter.java:242) [junit-rt.jar:?]
	at com.intellij.rt.execution.junit.JUnitStarter.main(JUnitStarter.java:70) [junit-rt.jar:?]
Caused by: org.springframework.beans.factory.UnsatisfiedDependencyException: Error creating bean with name 'webSecurity' defined in file [D:\Workspace\Learning\Udacity spring course\JDND\projects\P04-eCommerce Application\starter_code\target\classes\com\example\demo\security\WebSecurity.class]: Unsatisfied dependency expressed through constructor parameter 0; nested exception is org.springframework.beans.factory.NoSuchBeanDefinitionException: No qualifying bean of type 'com.example.demo.security.UserDetailsServiceImpl' available: expected at least 1 bean which qualifies as autowire candidate. Dependency annotations: {}
	at org.springframework.beans.factory.support.ConstructorResolver.createArgumentArray(ConstructorResolver.java:769) ~[spring-beans-5.1.7.RELEASE.jar:5.1.7.RELEASE]
	at org.springframework.beans.factory.support.ConstructorResolver.autowireConstructor(ConstructorResolver.java:218) ~[spring-beans-5.1.7.RELEASE.jar:5.1.7.RELEASE]
	at org.springframework.beans.factory.support.AbstractAutowireCapableBeanFactory.autowireConstructor(AbstractAutowireCapableBeanFactory.java:1341) ~[spring-beans-5.1.7.RELEASE.jar:5.1.7.RELEASE]
	at org.springframework.beans.factory.support.AbstractAutowireCapableBeanFactory.createBeanInstance(AbstractAutowireCapableBeanFactory.java:1187) ~[spring-beans-5.1.7.RELEASE.jar:5.1.7.RELEASE]
	at org.springframework.beans.factory.support.AbstractAutowireCapableBeanFactory.doCreateBean(AbstractAutowireCapableBeanFactory.java:555) ~[spring-beans-5.1.7.RELEASE.jar:5.1.7.RELEASE]
	at org.springframework.beans.factory.support.AbstractAutowireCapableBeanFactory.createBean(AbstractAutowireCapableBeanFactory.java:515) ~[spring-beans-5.1.7.RELEASE.jar:5.1.7.RELEASE]
	at org.springframework.beans.factory.support.AbstractBeanFactory.lambda$doGetBean$0(AbstractBeanFactory.java:320) ~[spring-beans-5.1.7.RELEASE.jar:5.1.7.RELEASE]
	at org.springframework.beans.factory.support.DefaultSingletonBeanRegistry.getSingleton(DefaultSingletonBeanRegistry.java:222) ~[spring-beans-5.1.7.RELEASE.jar:5.1.7.RELEASE]
	at org.springframework.beans.factory.support.AbstractBeanFactory.doGetBean(AbstractBeanFactory.java:318) ~[spring-beans-5.1.7.RELEASE.jar:5.1.7.RELEASE]
	at org.springframework.beans.factory.support.AbstractBeanFactory.getBean(AbstractBeanFactory.java:199) ~[spring-beans-5.1.7.RELEASE.jar:5.1.7.RELEASE]
	at org.springframework.beans.factory.support.DefaultListableBeanFactory.preInstantiateSingletons(DefaultListableBeanFactory.java:843) ~[spring-beans-5.1.7.RELEASE.jar:5.1.7.RELEASE]
	at org.springframework.context.support.AbstractApplicationContext.finishBeanFactoryInitialization(AbstractApplicationContext.java:877) ~[spring-context-5.1.7.RELEASE.jar:5.1.7.RELEASE]
	at org.springframework.context.support.AbstractApplicationContext.refresh(AbstractApplicationContext.java:549) ~[spring-context-5.1.7.RELEASE.jar:5.1.7.RELEASE]
	at org.springframework.boot.SpringApplication.refresh(SpringApplication.java:775) ~[spring-boot-2.1.5.RELEASE.jar:2.1.5.RELEASE]
	at org.springframework.boot.SpringApplication.refreshContext(SpringApplication.java:397) ~[spring-boot-2.1.5.RELEASE.jar:2.1.5.RELEASE]
	at org.springframework.boot.SpringApplication.run(SpringApplication.java:316) ~[spring-boot-2.1.5.RELEASE.jar:2.1.5.RELEASE]
	at org.springframework.boot.test.context.SpringBootContextLoader.loadContext(SpringBootContextLoader.java:127) ~[spring-boot-test-2.1.5.RELEASE.jar:2.1.5.RELEASE]
	at org.springframework.test.context.cache.DefaultCacheAwareContextLoaderDelegate.loadContextInternal(DefaultCacheAwareContextLoaderDelegate.java:99) ~[spring-test-5.1.7.RELEASE.jar:5.1.7.RELEASE]
	at org.springframework.test.context.cache.DefaultCacheAwareContextLoaderDelegate.loadContext(DefaultCacheAwareContextLoaderDelegate.java:117) ~[spring-test-5.1.7.RELEASE.jar:5.1.7.RELEASE]
	... 25 more
Caused by: org.springframework.beans.factory.NoSuchBeanDefinitionException: No qualifying bean of type 'com.example.demo.security.UserDetailsServiceImpl' available: expected at least 1 bean which qualifies as autowire candidate. Dependency annotations: {}
	at org.springframework.beans.factory.support.DefaultListableBeanFactory.raiseNoMatchingBeanFound(DefaultListableBeanFactory.java:1655) ~[spring-beans-5.1.7.RELEASE.jar:5.1.7.RELEASE]
	at org.springframework.beans.factory.support.DefaultListableBeanFactory.doResolveDependency(DefaultListableBeanFactory.java:1214) ~[spring-beans-5.1.7.RELEASE.jar:5.1.7.RELEASE]
	at org.springframework.beans.factory.support.DefaultListableBeanFactory.resolveDependency(DefaultListableBeanFactory.java:1168) ~[spring-beans-5.1.7.RELEASE.jar:5.1.7.RELEASE]
	at org.springframework.beans.factory.support.ConstructorResolver.resolveAutowiredArgument(ConstructorResolver.java:857) ~[spring-beans-5.1.7.RELEASE.jar:5.1.7.RELEASE]
	at org.springframework.beans.factory.support.ConstructorResolver.createArgumentArray(ConstructorResolver.java:760) ~[spring-beans-5.1.7.RELEASE.jar:5.1.7.RELEASE]
	at org.springframework.beans.factory.support.ConstructorResolver.autowireConstructor(ConstructorResolver.java:218) ~[spring-beans-5.1.7.RELEASE.jar:5.1.7.RELEASE]
	at org.springframework.beans.factory.support.AbstractAutowireCapableBeanFactory.autowireConstructor(AbstractAutowireCapableBeanFactory.java:1341) ~[spring-beans-5.1.7.RELEASE.jar:5.1.7.RELEASE]
	at org.springframework.beans.factory.support.AbstractAutowireCapableBeanFactory.createBeanInstance(AbstractAutowireCapableBeanFactory.java:1187) ~[spring-beans-5.1.7.RELEASE.jar:5.1.7.RELEASE]
	at org.springframework.beans.factory.support.AbstractAutowireCapableBeanFactory.doCreateBean(AbstractAutowireCapableBeanFactory.java:555) ~[spring-beans-5.1.7.RELEASE.jar:5.1.7.RELEASE]
	at org.springframework.beans.factory.support.AbstractAutowireCapableBeanFactory.createBean(AbstractAutowireCapableBeanFactory.java:515) ~[spring-beans-5.1.7.RELEASE.jar:5.1.7.RELEASE]
	at org.springframework.beans.factory.support.AbstractBeanFactory.lambda$doGetBean$0(AbstractBeanFactory.java:320) ~[spring-beans-5.1.7.RELEASE.jar:5.1.7.RELEASE]
	at org.springframework.beans.factory.support.DefaultSingletonBeanRegistry.getSingleton(DefaultSingletonBeanRegistry.java:222) ~[spring-beans-5.1.7.RELEASE.jar:5.1.7.RELEASE]
	at org.springframework.beans.factory.support.AbstractBeanFactory.doGetBean(AbstractBeanFactory.java:318) ~[spring-beans-5.1.7.RELEASE.jar:5.1.7.RELEASE]
	at org.springframework.beans.factory.support.AbstractBeanFactory.getBean(AbstractBeanFactory.java:199) ~[spring-beans-5.1.7.RELEASE.jar:5.1.7.RELEASE]
	at org.springframework.beans.factory.support.DefaultListableBeanFactory.preInstantiateSingletons(DefaultListableBeanFactory.java:843) ~[spring-beans-5.1.7.RELEASE.jar:5.1.7.RELEASE]
	at org.springframework.context.support.AbstractApplicationContext.finishBeanFactoryInitialization(AbstractApplicationContext.java:877) ~[spring-context-5.1.7.RELEASE.jar:5.1.7.RELEASE]
	at org.springframework.context.support.AbstractApplicationContext.refresh(AbstractApplicationContext.java:549) ~[spring-context-5.1.7.RELEASE.jar:5.1.7.RELEASE]
	at org.springframework.boot.SpringApplication.refresh(SpringApplication.java:775) ~[spring-boot-2.1.5.RELEASE.jar:2.1.5.RELEASE]
	at org.springframework.boot.SpringApplication.refreshContext(SpringApplication.java:397) ~[spring-boot-2.1.5.RELEASE.jar:2.1.5.RELEASE]
	at org.springframework.boot.SpringApplication.run(SpringApplication.java:316) ~[spring-boot-2.1.5.RELEASE.jar:2.1.5.RELEASE]
	at org.springframework.boot.test.context.SpringBootContextLoader.loadContext(SpringBootContextLoader.java:127) ~[spring-boot-test-2.1.5.RELEASE.jar:2.1.5.RELEASE]
	at org.springframework.test.context.cache.DefaultCacheAwareContextLoaderDelegate.loadContextInternal(DefaultCacheAwareContextLoaderDelegate.java:99) ~[spring-test-5.1.7.RELEASE.jar:5.1.7.RELEASE]
	at org.springframework.test.context.cache.DefaultCacheAwareContextLoaderDelegate.loadContext(DefaultCacheAwareContextLoaderDelegate.java:117) ~[spring-test-5.1.7.RELEASE.jar:5.1.7.RELEASE]
	... 25 more
2019-08-29 23:38:22,319 [main] INFO org.springframework.boot.test.context.SpringBootTestContextBootstrapper - Neither @ContextConfiguration nor @ContextHierarchy found for test class [com.example.demo.controller.UserControllerTest], using SpringBootContextLoader
2019-08-29 23:38:22,330 [main] INFO org.springframework.test.context.support.AbstractContextLoader - Could not detect default resource locations for test class [com.example.demo.controller.UserControllerTest]: no resource found for suffixes {-context.xml, Context.groovy}.
2019-08-29 23:38:22,331 [main] INFO org.springframework.test.context.support.AnnotationConfigContextLoaderUtils - Could not detect default configuration classes for test class [com.example.demo.controller.UserControllerTest]: UserControllerTest does not declare any static, non-private, non-final, nested classes annotated with @Configuration.
2019-08-29 23:38:22,458 [main] INFO org.springframework.boot.test.context.SpringBootTestContextBootstrapper - Found @SpringBootConfiguration com.example.demo.SareetaApplication for test class com.example.demo.controller.UserControllerTest
2019-08-29 23:38:22,587 [main] INFO org.springframework.boot.test.context.SpringBootTestContextBootstrapper - Loaded default TestExecutionListener class names from location [META-INF/spring.factories]: [org.springframework.security.test.context.support.WithSecurityContextTestExecutionListener, org.springframework.security.test.context.support.ReactorContextTestExecutionListener, org.springframework.test.context.web.ServletTestExecutionListener, org.springframework.test.context.support.DirtiesContextBeforeModesTestExecutionListener, org.springframework.test.context.support.DependencyInjectionTestExecutionListener, org.springframework.test.context.support.DirtiesContextTestExecutionListener, org.springframework.test.context.transaction.TransactionalTestExecutionListener, org.springframework.test.context.jdbc.SqlScriptsTestExecutionListener, org.springframework.boot.test.mock.mockito.MockitoTestExecutionListener, org.springframework.boot.test.mock.mockito.ResetMocksTestExecutionListener, org.springframework.boot.test.autoconfigure.restdocs.RestDocsTestExecutionListener, org.springframework.boot.test.autoconfigure.web.client.MockRestServiceServerResetTestExecutionListener, org.springframework.boot.test.autoconfigure.web.servlet.MockMvcPrintOnlyOnFailureTestExecutionListener, org.springframework.boot.test.autoconfigure.web.servlet.WebDriverTestExecutionListener]
2019-08-29 23:38:22,619 [main] INFO org.springframework.boot.test.context.SpringBootTestContextBootstrapper - Using TestExecutionListeners: [org.springframework.test.context.web.ServletTestExecutionListener@7eecb5b8, org.springframework.test.context.support.DirtiesContextBeforeModesTestExecutionListener@126253fd, org.springframework.boot.test.mock.mockito.MockitoTestExecutionListener@57db2b13, org.springframework.boot.test.autoconfigure.SpringBootDependencyInjectionTestExecutionListener@475c9c31, org.springframework.test.context.support.DirtiesContextTestExecutionListener@5c86a017, org.springframework.test.context.transaction.TransactionalTestExecutionListener@5c7bfdc1, org.springframework.test.context.jdbc.SqlScriptsTestExecutionListener@5276d6ee, org.springframework.security.test.context.support.WithSecurityContextTestExecutionListener@71687585, org.springframework.security.test.context.support.ReactorContextTestExecutionListener@1807f5a7, org.springframework.boot.test.mock.mockito.ResetMocksTestExecutionListener@1b919693, org.springframework.boot.test.autoconfigure.restdocs.RestDocsTestExecutionListener@7fb4f2a9, org.springframework.boot.test.autoconfigure.web.client.MockRestServiceServerResetTestExecutionListener@4dc27487, org.springframework.boot.test.autoconfigure.web.servlet.MockMvcPrintOnlyOnFailureTestExecutionListener@6a4f1a55, org.springframework.boot.test.autoconfigure.web.servlet.WebDriverTestExecutionListener@7dfd3c81]
2019-08-29 23:38:23,000 [main] INFO com.example.demo.controller.UserControllerTest - Starting UserControllerTest on KENNEDY-LAPI with PID 14796 (started by kkariuki in D:\Workspace\Learning\Udacity spring course\JDND\projects\P04-eCommerce Application\starter_code)
2019-08-29 23:38:23,002 [main] INFO com.example.demo.controller.UserControllerTest - No active profile set, falling back to default profiles: default
2019-08-29 23:38:23,739 [main] INFO org.springframework.data.repository.config.RepositoryConfigurationDelegate - Bootstrapping Spring Data repositories in DEFAULT mode.
2019-08-29 23:38:23,841 [main] INFO org.springframework.data.repository.config.RepositoryConfigurationDelegate - Finished Spring Data repository scanning in 90ms. Found 4 repository interfaces.
2019-08-29 23:38:24,445 [main] INFO org.springframework.context.support.PostProcessorRegistrationDelegate$BeanPostProcessorChecker - Bean 'org.springframework.transaction.annotation.ProxyTransactionManagementConfiguration' of type [org.springframework.transaction.annotation.ProxyTransactionManagementConfiguration$$EnhancerBySpringCGLIB$$a1daff6f] is not eligible for getting processed by all BeanPostProcessors (for example: not eligible for auto-proxying)
2019-08-29 23:38:24,737 [main] INFO com.zaxxer.hikari.HikariDataSource - HikariPool-1 - Starting...
2019-08-29 23:38:24,939 [main] INFO com.zaxxer.hikari.HikariDataSource - HikariPool-1 - Start completed.
2019-08-29 23:38:25,032 [main] INFO org.hibernate.jpa.internal.util.LogHelper - HHH000204: Processing PersistenceUnitInfo [
	name: default
	...]
2019-08-29 23:38:25,142 [main] INFO org.hibernate.Version - HHH000412: Hibernate Core {5.3.10.Final}
2019-08-29 23:38:25,143 [main] INFO org.hibernate.cfg.Environment - HHH000206: hibernate.properties not found
2019-08-29 23:38:25,309 [main] INFO org.hibernate.annotations.common.Version - HCANN000001: Hibernate Commons Annotations {5.0.4.Final}
2019-08-29 23:38:25,830 [main] INFO org.hibernate.dialect.Dialect - HHH000400: Using dialect: org.hibernate.dialect.H2Dialect
2019-08-29 23:38:26,745 [main] INFO org.springframework.orm.jpa.LocalContainerEntityManagerFactoryBean - Initialized JPA EntityManagerFactory for persistence unit 'default'
2019-08-29 23:38:27,684 [main] INFO org.springframework.security.web.DefaultSecurityFilterChain - Creating filter chain: any request, [org.springframework.security.web.context.request.async.WebAsyncManagerIntegrationFilter@4ffa7041, org.springframework.security.web.context.SecurityContextPersistenceFilter@298e002d, org.springframework.security.web.header.HeaderWriterFilter@f10d055, org.springframework.web.filter.CorsFilter@632c3f55, org.springframework.security.web.authentication.logout.LogoutFilter@3c27f72, com.example.demo.security.JWTAuthenticationFilter@56b05bd7, com.example.demo.security.JWTAuthorizationFilter@3e4afd10, org.springframework.security.web.savedrequest.RequestCacheAwareFilter@3c6bd624, org.springframework.security.web.servletapi.SecurityContextHolderAwareRequestFilter@58fbcb71, org.springframework.security.web.authentication.AnonymousAuthenticationFilter@22aefae0, org.springframework.security.web.session.SessionManagementFilter@2d801d8, org.springframework.security.web.access.ExceptionTranslationFilter@12aa381f, org.springframework.security.web.access.intercept.FilterSecurityInterceptor@1c4057f9]
2019-08-29 23:38:28,390 [main] INFO org.springframework.scheduling.concurrent.ThreadPoolTaskExecutor - Initializing ExecutorService 'applicationTaskExecutor'
2019-08-29 23:38:28,461 [main] WARN org.springframework.boot.autoconfigure.orm.jpa.JpaBaseConfiguration$JpaWebConfiguration$JpaWebMvcConfiguration - spring.jpa.open-in-view is enabled by default. Therefore, database queries may be performed during view rendering. Explicitly configure spring.jpa.open-in-view to disable this warning
2019-08-29 23:38:28,864 [main] INFO org.springframework.boot.test.mock.web.SpringBootMockServletContext - Initializing Spring TestDispatcherServlet ''
2019-08-29 23:38:28,864 [main] INFO org.springframework.test.web.servlet.TestDispatcherServlet - Initializing Servlet ''
2019-08-29 23:38:28,880 [main] INFO org.springframework.test.web.servlet.TestDispatcherServlet - Completed initialization in 16 ms
2019-08-29 23:38:28,911 [main] INFO com.example.demo.controller.UserControllerTest - Started UserControllerTest in 6.245 seconds (JVM running for 7.662)
2019-08-29 23:38:29,200 [main] INFO com.example.demo.controllers.UserController - Creating user Sareeta
2019-08-29 23:38:29,370 [main] INFO com.example.demo.controllers.UserController - create user Sareeta successful
2019-08-29 23:38:29,415 [Thread-4] INFO org.springframework.scheduling.concurrent.ThreadPoolTaskExecutor - Shutting down ExecutorService 'applicationTaskExecutor'
2019-08-29 23:38:29,417 [Thread-4] INFO org.springframework.orm.jpa.LocalContainerEntityManagerFactoryBean - Closing JPA EntityManagerFactory for persistence unit 'default'
2019-08-29 23:38:29,420 [Thread-4] INFO com.zaxxer.hikari.HikariDataSource - HikariPool-1 - Shutdown initiated...
2019-08-29 23:38:29,422 [Thread-4] INFO com.zaxxer.hikari.HikariDataSource - HikariPool-1 - Shutdown completed.
2019-08-29 23:39:50,347 [main] INFO com.example.demo.SareetaApplication - Starting SareetaApplication on KENNEDY-LAPI with PID 11444 (started by kkariuki in D:\Workspace\Learning\Udacity spring course\JDND\projects\P04-eCommerce Application\starter_code)
2019-08-29 23:39:50,356 [main] INFO com.example.demo.SareetaApplication - No active profile set, falling back to default profiles: default
2019-08-29 23:39:50,868 [main] INFO org.springframework.data.repository.config.RepositoryConfigurationDelegate - Bootstrapping Spring Data repositories in DEFAULT mode.
2019-08-29 23:39:50,933 [main] INFO org.springframework.data.repository.config.RepositoryConfigurationDelegate - Finished Spring Data repository scanning in 57ms. Found 4 repository interfaces.
2019-08-29 23:39:51,334 [main] INFO org.springframework.context.support.PostProcessorRegistrationDelegate$BeanPostProcessorChecker - Bean 'org.springframework.transaction.annotation.ProxyTransactionManagementConfiguration' of type [org.springframework.transaction.annotation.ProxyTransactionManagementConfiguration$$EnhancerBySpringCGLIB$$77f181e3] is not eligible for getting processed by all BeanPostProcessors (for example: not eligible for auto-proxying)
2019-08-29 23:39:51,543 [main] INFO org.springframework.boot.web.embedded.tomcat.TomcatWebServer - Tomcat initialized with port(s): 8080 (http)
2019-08-29 23:39:51,558 [main] INFO org.apache.coyote.http11.Http11NioProtocol - Initializing ProtocolHandler ["http-nio-8080"]
2019-08-29 23:39:51,566 [main] INFO org.apache.catalina.core.StandardService - Starting service [Tomcat]
2019-08-29 23:39:51,566 [main] INFO org.apache.catalina.core.StandardEngine - Starting Servlet engine: [Apache Tomcat/9.0.19]
2019-08-29 23:39:51,657 [main] INFO org.apache.catalina.core.ContainerBase.[Tomcat].[localhost].[/] - Initializing Spring embedded WebApplicationContext
2019-08-29 23:39:51,657 [main] INFO org.springframework.web.context.ContextLoader - Root WebApplicationContext: initialization completed in 1248 ms
2019-08-29 23:39:51,799 [main] INFO com.zaxxer.hikari.HikariDataSource - HikariPool-1 - Starting...
2019-08-29 23:39:51,926 [main] INFO com.zaxxer.hikari.HikariDataSource - HikariPool-1 - Start completed.
2019-08-29 23:39:51,962 [main] INFO org.hibernate.jpa.internal.util.LogHelper - HHH000204: Processing PersistenceUnitInfo [
	name: default
	...]
2019-08-29 23:39:52,009 [main] INFO org.hibernate.Version - HHH000412: Hibernate Core {5.3.10.Final}
2019-08-29 23:39:52,010 [main] INFO org.hibernate.cfg.Environment - HHH000206: hibernate.properties not found
2019-08-29 23:39:52,103 [main] INFO org.hibernate.annotations.common.Version - HCANN000001: Hibernate Commons Annotations {5.0.4.Final}
2019-08-29 23:39:52,207 [main] INFO org.hibernate.dialect.Dialect - HHH000400: Using dialect: org.hibernate.dialect.H2Dialect
2019-08-29 23:39:52,749 [main] INFO org.springframework.orm.jpa.LocalContainerEntityManagerFactoryBean - Initialized JPA EntityManagerFactory for persistence unit 'default'
2019-08-29 23:39:53,256 [main] INFO org.springframework.security.web.DefaultSecurityFilterChain - Creating filter chain: any request, [org.springframework.security.web.context.request.async.WebAsyncManagerIntegrationFilter@1c7f6e96, org.springframework.security.web.context.SecurityContextPersistenceFilter@7afe0e67, org.springframework.security.web.header.HeaderWriterFilter@21be14c2, org.springframework.web.filter.CorsFilter@30ec211a, org.springframework.security.web.authentication.logout.LogoutFilter@9729a97, com.example.demo.security.JWTAuthenticationFilter@1ac0cdb0, com.example.demo.security.JWTAuthorizationFilter@6684f7f2, org.springframework.security.web.savedrequest.RequestCacheAwareFilter@31228d83, org.springframework.security.web.servletapi.SecurityContextHolderAwareRequestFilter@3f3c8b60, org.springframework.security.web.authentication.AnonymousAuthenticationFilter@1682e6a, org.springframework.security.web.session.SessionManagementFilter@83b0d0f, org.springframework.security.web.access.ExceptionTranslationFilter@77ccded4, org.springframework.security.web.access.intercept.FilterSecurityInterceptor@6d421fe]
2019-08-29 23:39:53,379 [main] INFO org.springframework.scheduling.concurrent.ThreadPoolTaskExecutor - Initializing ExecutorService 'applicationTaskExecutor'
2019-08-29 23:39:53,425 [main] WARN org.springframework.boot.autoconfigure.orm.jpa.JpaBaseConfiguration$JpaWebConfiguration$JpaWebMvcConfiguration - spring.jpa.open-in-view is enabled by default. Therefore, database queries may be performed during view rendering. Explicitly configure spring.jpa.open-in-view to disable this warning
2019-08-29 23:39:53,554 [main] INFO org.apache.coyote.http11.Http11NioProtocol - Starting ProtocolHandler ["http-nio-8080"]
2019-08-29 23:39:53,563 [main] ERROR org.apache.catalina.util.LifecycleBase - Failed to start component [Connector[HTTP/1.1-8080]]
org.apache.catalina.LifecycleException: Protocol handler start failed
	at org.apache.catalina.connector.Connector.startInternal(Connector.java:1008) ~[tomcat-embed-core-9.0.19.jar:9.0.19]
	at org.apache.catalina.util.LifecycleBase.start(LifecycleBase.java:183) [tomcat-embed-core-9.0.19.jar:9.0.19]
	at org.apache.catalina.core.StandardService.addConnector(StandardService.java:226) [tomcat-embed-core-9.0.19.jar:9.0.19]
	at org.springframework.boot.web.embedded.tomcat.TomcatWebServer.addPreviouslyRemovedConnectors(TomcatWebServer.java:259) [spring-boot-2.1.5.RELEASE.jar:2.1.5.RELEASE]
	at org.springframework.boot.web.embedded.tomcat.TomcatWebServer.start(TomcatWebServer.java:197) [spring-boot-2.1.5.RELEASE.jar:2.1.5.RELEASE]
	at org.springframework.boot.web.servlet.context.ServletWebServerApplicationContext.startWebServer(ServletWebServerApplicationContext.java:311) [spring-boot-2.1.5.RELEASE.jar:2.1.5.RELEASE]
	at org.springframework.boot.web.servlet.context.ServletWebServerApplicationContext.finishRefresh(ServletWebServerApplicationContext.java:164) [spring-boot-2.1.5.RELEASE.jar:2.1.5.RELEASE]
	at org.springframework.context.support.AbstractApplicationContext.refresh(AbstractApplicationContext.java:552) [spring-context-5.1.7.RELEASE.jar:5.1.7.RELEASE]
	at org.springframework.boot.web.servlet.context.ServletWebServerApplicationContext.refresh(ServletWebServerApplicationContext.java:142) [spring-boot-2.1.5.RELEASE.jar:2.1.5.RELEASE]
	at org.springframework.boot.SpringApplication.refresh(SpringApplication.java:775) [spring-boot-2.1.5.RELEASE.jar:2.1.5.RELEASE]
	at org.springframework.boot.SpringApplication.refreshContext(SpringApplication.java:397) [spring-boot-2.1.5.RELEASE.jar:2.1.5.RELEASE]
	at org.springframework.boot.SpringApplication.run(SpringApplication.java:316) [spring-boot-2.1.5.RELEASE.jar:2.1.5.RELEASE]
	at org.springframework.boot.SpringApplication.run(SpringApplication.java:1260) [spring-boot-2.1.5.RELEASE.jar:2.1.5.RELEASE]
	at org.springframework.boot.SpringApplication.run(SpringApplication.java:1248) [spring-boot-2.1.5.RELEASE.jar:2.1.5.RELEASE]
	at com.example.demo.SareetaApplication.main(SareetaApplication.java:15) [classes/:?]
Caused by: java.net.BindException: Address already in use: bind
	at sun.nio.ch.Net.bind0(Native Method) ~[?:1.8.0_211]
	at sun.nio.ch.Net.bind(Net.java:433) ~[?:1.8.0_211]
	at sun.nio.ch.Net.bind(Net.java:425) ~[?:1.8.0_211]
	at sun.nio.ch.ServerSocketChannelImpl.bind(ServerSocketChannelImpl.java:223) ~[?:1.8.0_211]
	at sun.nio.ch.ServerSocketAdaptor.bind(ServerSocketAdaptor.java:74) ~[?:1.8.0_211]
	at org.apache.tomcat.util.net.NioEndpoint.initServerSocket(NioEndpoint.java:239) ~[tomcat-embed-core-9.0.19.jar:9.0.19]
	at org.apache.tomcat.util.net.NioEndpoint.bind(NioEndpoint.java:213) ~[tomcat-embed-core-9.0.19.jar:9.0.19]
	at org.apache.tomcat.util.net.AbstractEndpoint.bindWithCleanup(AbstractEndpoint.java:1116) ~[tomcat-embed-core-9.0.19.jar:9.0.19]
	at org.apache.tomcat.util.net.AbstractEndpoint.start(AbstractEndpoint.java:1202) ~[tomcat-embed-core-9.0.19.jar:9.0.19]
	at org.apache.coyote.AbstractProtocol.start(AbstractProtocol.java:568) ~[tomcat-embed-core-9.0.19.jar:9.0.19]
	at org.apache.catalina.connector.Connector.startInternal(Connector.java:1005) ~[tomcat-embed-core-9.0.19.jar:9.0.19]
	... 14 more
2019-08-29 23:39:53,571 [main] INFO org.apache.coyote.http11.Http11NioProtocol - Pausing ProtocolHandler ["http-nio-8080"]
2019-08-29 23:39:53,571 [main] INFO org.apache.catalina.core.StandardService - Stopping service [Tomcat]
2019-08-29 23:39:53,582 [main] INFO org.apache.catalina.util.LifecycleBase - The stop() method was called on component [StandardServer[-1]] after stop() had already been called. The second call will be ignored.
2019-08-29 23:39:53,582 [main] INFO org.apache.coyote.http11.Http11NioProtocol - Stopping ProtocolHandler ["http-nio-8080"]
2019-08-29 23:39:53,582 [main] INFO org.apache.coyote.http11.Http11NioProtocol - Destroying ProtocolHandler ["http-nio-8080"]
2019-08-29 23:39:53,585 [main] INFO org.springframework.boot.autoconfigure.logging.ConditionEvaluationReportLoggingListener - 

Error starting ApplicationContext. To display the conditions report re-run your application with 'debug' enabled.
2019-08-29 23:39:53,590 [main] ERROR org.springframework.boot.diagnostics.LoggingFailureAnalysisReporter - 

***************************
APPLICATION FAILED TO START
***************************

Description:

The Tomcat connector configured to listen on port 8080 failed to start. The port may already be in use or the connector may be misconfigured.

Action:

Verify the connector's configuration, identify and stop any process that's listening on port 8080, or configure this application to listen on another port.

2019-08-29 23:39:53,592 [main] INFO org.springframework.scheduling.concurrent.ThreadPoolTaskExecutor - Shutting down ExecutorService 'applicationTaskExecutor'
2019-08-29 23:39:53,593 [main] INFO org.springframework.orm.jpa.LocalContainerEntityManagerFactoryBean - Closing JPA EntityManagerFactory for persistence unit 'default'
2019-08-29 23:39:53,595 [main] INFO com.zaxxer.hikari.HikariDataSource - HikariPool-1 - Shutdown initiated...
2019-08-29 23:39:53,596 [main] INFO com.zaxxer.hikari.HikariDataSource - HikariPool-1 - Shutdown completed.
2019-08-29 23:40:38,638 [main] INFO com.example.demo.SareetaApplication - Starting SareetaApplication on KENNEDY-LAPI with PID 5372 (started by kkariuki in D:\Workspace\Learning\Udacity spring course\JDND\projects\P04-eCommerce Application\starter_code)
2019-08-29 23:40:38,646 [main] INFO com.example.demo.SareetaApplication - No active profile set, falling back to default profiles: default
2019-08-29 23:40:39,227 [main] INFO org.springframework.data.repository.config.RepositoryConfigurationDelegate - Bootstrapping Spring Data repositories in DEFAULT mode.
2019-08-29 23:40:39,299 [main] INFO org.springframework.data.repository.config.RepositoryConfigurationDelegate - Finished Spring Data repository scanning in 62ms. Found 4 repository interfaces.
2019-08-29 23:40:39,703 [main] INFO org.springframework.context.support.PostProcessorRegistrationDelegate$BeanPostProcessorChecker - Bean 'org.springframework.transaction.annotation.ProxyTransactionManagementConfiguration' of type [org.springframework.transaction.annotation.ProxyTransactionManagementConfiguration$$EnhancerBySpringCGLIB$$249cc8c4] is not eligible for getting processed by all BeanPostProcessors (for example: not eligible for auto-proxying)
2019-08-29 23:40:39,916 [main] INFO org.springframework.boot.web.embedded.tomcat.TomcatWebServer - Tomcat initialized with port(s): 8083 (http)
2019-08-29 23:40:39,930 [main] INFO org.apache.coyote.http11.Http11NioProtocol - Initializing ProtocolHandler ["http-nio-8083"]
2019-08-29 23:40:39,937 [main] INFO org.apache.catalina.core.StandardService - Starting service [Tomcat]
2019-08-29 23:40:39,937 [main] INFO org.apache.catalina.core.StandardEngine - Starting Servlet engine: [Apache Tomcat/9.0.19]
2019-08-29 23:40:40,022 [main] INFO org.apache.catalina.core.ContainerBase.[Tomcat].[localhost].[/] - Initializing Spring embedded WebApplicationContext
2019-08-29 23:40:40,023 [main] INFO org.springframework.web.context.ContextLoader - Root WebApplicationContext: initialization completed in 1328 ms
2019-08-29 23:40:40,147 [main] INFO com.zaxxer.hikari.HikariDataSource - HikariPool-1 - Starting...
2019-08-29 23:40:40,272 [main] INFO com.zaxxer.hikari.HikariDataSource - HikariPool-1 - Start completed.
2019-08-29 23:40:40,306 [main] INFO org.hibernate.jpa.internal.util.LogHelper - HHH000204: Processing PersistenceUnitInfo [
	name: default
	...]
2019-08-29 23:40:40,358 [main] INFO org.hibernate.Version - HHH000412: Hibernate Core {5.3.10.Final}
2019-08-29 23:40:40,359 [main] INFO org.hibernate.cfg.Environment - HHH000206: hibernate.properties not found
2019-08-29 23:40:40,466 [main] INFO org.hibernate.annotations.common.Version - HCANN000001: Hibernate Commons Annotations {5.0.4.Final}
2019-08-29 23:40:40,558 [main] INFO org.hibernate.dialect.Dialect - HHH000400: Using dialect: org.hibernate.dialect.H2Dialect
2019-08-29 23:40:41,157 [main] INFO org.springframework.orm.jpa.LocalContainerEntityManagerFactoryBean - Initialized JPA EntityManagerFactory for persistence unit 'default'
2019-08-29 23:40:41,678 [main] INFO org.springframework.security.web.DefaultSecurityFilterChain - Creating filter chain: any request, [org.springframework.security.web.context.request.async.WebAsyncManagerIntegrationFilter@710ae6a7, org.springframework.security.web.context.SecurityContextPersistenceFilter@57e4b86c, org.springframework.security.web.header.HeaderWriterFilter@9729a97, org.springframework.web.filter.CorsFilter@25d911a, org.springframework.security.web.authentication.logout.LogoutFilter@61ab6521, com.example.demo.security.JWTAuthenticationFilter@18026052, com.example.demo.security.JWTAuthorizationFilter@489f62a3, org.springframework.security.web.savedrequest.RequestCacheAwareFilter@64bba0eb, org.springframework.security.web.servletapi.SecurityContextHolderAwareRequestFilter@568f4faa, org.springframework.security.web.authentication.AnonymousAuthenticationFilter@6e068ac9, org.springframework.security.web.session.SessionManagementFilter@36463b09, org.springframework.security.web.access.ExceptionTranslationFilter@99c4993, org.springframework.security.web.access.intercept.FilterSecurityInterceptor@11d2714a]
2019-08-29 23:40:41,796 [main] INFO org.springframework.scheduling.concurrent.ThreadPoolTaskExecutor - Initializing ExecutorService 'applicationTaskExecutor'
2019-08-29 23:40:41,824 [main] WARN org.springframework.boot.autoconfigure.orm.jpa.JpaBaseConfiguration$JpaWebConfiguration$JpaWebMvcConfiguration - spring.jpa.open-in-view is enabled by default. Therefore, database queries may be performed during view rendering. Explicitly configure spring.jpa.open-in-view to disable this warning
2019-08-29 23:40:41,964 [main] INFO org.apache.coyote.http11.Http11NioProtocol - Starting ProtocolHandler ["http-nio-8083"]
2019-08-29 23:40:41,986 [main] INFO org.springframework.boot.web.embedded.tomcat.TomcatWebServer - Tomcat started on port(s): 8083 (http) with context path ''
2019-08-29 23:40:41,988 [main] INFO com.example.demo.SareetaApplication - Started SareetaApplication in 3.681 seconds (JVM running for 5.036)
2019-08-29 23:41:29,403 [http-nio-8083-exec-1] INFO org.apache.catalina.core.ContainerBase.[Tomcat].[localhost].[/] - Initializing Spring DispatcherServlet 'dispatcherServlet'
2019-08-29 23:41:29,404 [http-nio-8083-exec-1] INFO org.springframework.web.servlet.DispatcherServlet - Initializing Servlet 'dispatcherServlet'
2019-08-29 23:41:29,413 [http-nio-8083-exec-1] INFO org.springframework.web.servlet.DispatcherServlet - Completed initialization in 9 ms
2019-08-29 23:41:29,645 [http-nio-8083-exec-1] INFO com.example.demo.controllers.UserController - Creating user Splunker
2019-08-29 23:41:29,785 [http-nio-8083-exec-1] INFO com.example.demo.controllers.UserController - create user Splunker successful
2019-08-29 23:41:38,691 [http-nio-8083-exec-2] INFO org.hibernate.hql.internal.QueryTranslatorFactoryInitiator - HHH000397: Using ASTQueryTranslatorFactory
2019-08-29 23:41:38,826 [http-nio-8083-exec-2] ERROR com.example.demo.security.UserDetailsServiceImpl - User called >>>>>>>>>> null
2019-08-29 23:41:38,932 [http-nio-8083-exec-2] ERROR com.example.demo.config.exceptions.RestAuthenticationEntryPoint - Access Denied: Sorry you don't have privileges to perform this action [org.springframework.security.web.access.ExceptionTranslationFilter.handleSpringSecurityException(ExceptionTranslationFilter.java:190), org.springframework.security.web.access.ExceptionTranslationFilter.doFilter(ExceptionTranslationFilter.java:141), org.springframework.security.web.FilterChainProxy$VirtualFilterChain.doFilter(FilterChainProxy.java:334), org.springframework.security.web.session.SessionManagementFilter.doFilter(SessionManagementFilter.java:137), org.springframework.security.web.FilterChainProxy$VirtualFilterChain.doFilter(FilterChainProxy.java:334), org.springframework.security.web.authentication.AnonymousAuthenticationFilter.doFilter(AnonymousAuthenticationFilter.java:111), org.springframework.security.web.FilterChainProxy$VirtualFilterChain.doFilter(FilterChainProxy.java:334), org.springframework.security.web.servletapi.SecurityContextHolderAwareRequestFilter.doFilter(SecurityContextHolderAwareRequestFilter.java:170), org.springframework.security.web.FilterChainProxy$VirtualFilterChain.doFilter(FilterChainProxy.java:334), org.springframework.security.web.savedrequest.RequestCacheAwareFilter.doFilter(RequestCacheAwareFilter.java:63), org.springframework.security.web.FilterChainProxy$VirtualFilterChain.doFilter(FilterChainProxy.java:334), org.springframework.web.filter.OncePerRequestFilter.doFilter(OncePerRequestFilter.java:101), org.springframework.security.web.FilterChainProxy$VirtualFilterChain.doFilter(FilterChainProxy.java:334), org.springframework.security.web.authentication.AbstractAuthenticationProcessingFilter.doFilter(AbstractAuthenticationProcessingFilter.java:200), org.springframework.security.web.FilterChainProxy$VirtualFilterChain.doFilter(FilterChainProxy.java:334), org.springframework.security.web.authentication.logout.LogoutFilter.doFilter(LogoutFilter.java:116), org.springframework.security.web.FilterChainProxy$VirtualFilterChain.doFilter(FilterChainProxy.java:334), org.springframework.web.filter.OncePerRequestFilter.doFilter(OncePerRequestFilter.java:101), org.springframework.security.web.FilterChainProxy$VirtualFilterChain.doFilter(FilterChainProxy.java:334), org.springframework.web.filter.OncePerRequestFilter.doFilter(OncePerRequestFilter.java:101), org.springframework.security.web.FilterChainProxy$VirtualFilterChain.doFilter(FilterChainProxy.java:334), org.springframework.security.web.context.SecurityContextPersistenceFilter.doFilter(SecurityContextPersistenceFilter.java:105), org.springframework.security.web.FilterChainProxy$VirtualFilterChain.doFilter(FilterChainProxy.java:334), org.springframework.web.filter.OncePerRequestFilter.doFilter(OncePerRequestFilter.java:101), org.springframework.security.web.FilterChainProxy$VirtualFilterChain.doFilter(FilterChainProxy.java:334), org.springframework.security.web.FilterChainProxy.doFilterInternal(FilterChainProxy.java:215), org.springframework.security.web.FilterChainProxy.doFilter(FilterChainProxy.java:178), org.springframework.web.filter.DelegatingFilterProxy.invokeDelegate(DelegatingFilterProxy.java:357), org.springframework.web.filter.DelegatingFilterProxy.doFilter(DelegatingFilterProxy.java:270), org.apache.catalina.core.ApplicationFilterChain.internalDoFilter(ApplicationFilterChain.java:193), org.apache.catalina.core.ApplicationFilterChain.doFilter(ApplicationFilterChain.java:166), org.apache.catalina.core.ApplicationDispatcher.invoke(ApplicationDispatcher.java:712), org.apache.catalina.core.ApplicationDispatcher.processRequest(ApplicationDispatcher.java:461), org.apache.catalina.core.ApplicationDispatcher.doForward(ApplicationDispatcher.java:384), org.apache.catalina.core.ApplicationDispatcher.forward(ApplicationDispatcher.java:312), org.apache.catalina.core.StandardHostValve.custom(StandardHostValve.java:394), org.apache.catalina.core.StandardHostValve.status(StandardHostValve.java:253), org.apache.catalina.core.StandardHostValve.invoke(StandardHostValve.java:175), org.apache.catalina.valves.ErrorReportValve.invoke(ErrorReportValve.java:92), org.apache.catalina.core.StandardEngineValve.invoke(StandardEngineValve.java:74), org.apache.catalina.connector.CoyoteAdapter.service(CoyoteAdapter.java:343), org.apache.coyote.http11.Http11Processor.service(Http11Processor.java:408), org.apache.coyote.AbstractProcessorLight.process(AbstractProcessorLight.java:66), org.apache.coyote.AbstractProtocol$ConnectionHandler.process(AbstractProtocol.java:836), org.apache.tomcat.util.net.NioEndpoint$SocketProcessor.doRun(NioEndpoint.java:1747), org.apache.tomcat.util.net.SocketProcessorBase.run(SocketProcessorBase.java:49), java.util.concurrent.ThreadPoolExecutor.runWorker(ThreadPoolExecutor.java:1149), java.util.concurrent.ThreadPoolExecutor$Worker.run(ThreadPoolExecutor.java:624), org.apache.tomcat.util.threads.TaskThread$WrappingRunnable.run(TaskThread.java:61), java.lang.Thread.run(Thread.java:748)]
2019-08-29 23:41:57,930 [http-nio-8083-exec-4] ERROR com.example.demo.security.UserDetailsServiceImpl - User called >>>>>>>>>> Splunker >>>>>> {bcrypt}$2a$10$AXJ7sg2r6hX0aSTtBEdPPu6eqzkkHDbNGCSYQzLByK9QLdKf/a1wy
2019-08-29 23:41:57,930 [http-nio-8083-exec-4] ERROR com.example.demo.security.UserDetailsServiceImpl - authorities called >>>>>>>>>> :[ROLE_USER]
2019-08-29 23:42:35,674 [main] INFO org.springframework.boot.test.autoconfigure.web.servlet.WebMvcTestContextBootstrapper - Neither @ContextConfiguration nor @ContextHierarchy found for test class [com.example.demo.controller.OrderRepositoryTest], using SpringBootContextLoader
2019-08-29 23:42:35,683 [main] INFO org.springframework.test.context.support.AbstractContextLoader - Could not detect default resource locations for test class [com.example.demo.controller.OrderRepositoryTest]: no resource found for suffixes {-context.xml, Context.groovy}.
2019-08-29 23:42:35,684 [main] INFO org.springframework.test.context.support.AnnotationConfigContextLoaderUtils - Could not detect default configuration classes for test class [com.example.demo.controller.OrderRepositoryTest]: OrderRepositoryTest does not declare any static, non-private, non-final, nested classes annotated with @Configuration.
2019-08-29 23:42:35,842 [main] INFO org.springframework.boot.test.context.SpringBootTestContextBootstrapper - Found @SpringBootConfiguration com.example.demo.SareetaApplication for test class com.example.demo.controller.OrderRepositoryTest
2019-08-29 23:42:35,844 [main] INFO org.springframework.boot.test.autoconfigure.web.servlet.WebMvcTestContextBootstrapper - Loaded default TestExecutionListener class names from location [META-INF/spring.factories]: [org.springframework.security.test.context.support.WithSecurityContextTestExecutionListener, org.springframework.security.test.context.support.ReactorContextTestExecutionListener, org.springframework.test.context.web.ServletTestExecutionListener, org.springframework.test.context.support.DirtiesContextBeforeModesTestExecutionListener, org.springframework.test.context.support.DependencyInjectionTestExecutionListener, org.springframework.test.context.support.DirtiesContextTestExecutionListener, org.springframework.test.context.transaction.TransactionalTestExecutionListener, org.springframework.test.context.jdbc.SqlScriptsTestExecutionListener, org.springframework.boot.test.mock.mockito.MockitoTestExecutionListener, org.springframework.boot.test.mock.mockito.ResetMocksTestExecutionListener, org.springframework.boot.test.autoconfigure.restdocs.RestDocsTestExecutionListener, org.springframework.boot.test.autoconfigure.web.client.MockRestServiceServerResetTestExecutionListener, org.springframework.boot.test.autoconfigure.web.servlet.MockMvcPrintOnlyOnFailureTestExecutionListener, org.springframework.boot.test.autoconfigure.web.servlet.WebDriverTestExecutionListener]
2019-08-29 23:42:35,866 [main] INFO org.springframework.boot.test.autoconfigure.web.servlet.WebMvcTestContextBootstrapper - Using TestExecutionListeners: [org.springframework.test.context.web.ServletTestExecutionListener@f09733f, org.springframework.test.context.support.DirtiesContextBeforeModesTestExecutionListener@e350b40, org.springframework.boot.test.mock.mockito.MockitoTestExecutionListener@41a0aa7d, org.springframework.boot.test.autoconfigure.SpringBootDependencyInjectionTestExecutionListener@2794eab6, org.springframework.test.context.support.DirtiesContextTestExecutionListener@6340e5f0, org.springframework.test.context.transaction.TransactionalTestExecutionListener@45099dd3, org.springframework.test.context.jdbc.SqlScriptsTestExecutionListener@13e344d, org.springframework.security.test.context.support.WithSecurityContextTestExecutionListener@1ffaf86, org.springframework.security.test.context.support.ReactorContextTestExecutionListener@6574a52c, org.springframework.boot.test.mock.mockito.ResetMocksTestExecutionListener@6c1a5b54, org.springframework.boot.test.autoconfigure.restdocs.RestDocsTestExecutionListener@1c7696c6, org.springframework.boot.test.autoconfigure.web.client.MockRestServiceServerResetTestExecutionListener@60099951, org.springframework.boot.test.autoconfigure.web.servlet.MockMvcPrintOnlyOnFailureTestExecutionListener@20140db9, org.springframework.boot.test.autoconfigure.web.servlet.WebDriverTestExecutionListener@1e6a3214]
2019-08-29 23:42:36,320 [main] INFO com.example.demo.controller.OrderRepositoryTest - Starting OrderRepositoryTest on KENNEDY-LAPI with PID 1276 (started by kkariuki in D:\Workspace\Learning\Udacity spring course\JDND\projects\P04-eCommerce Application\starter_code)
2019-08-29 23:42:36,322 [main] INFO com.example.demo.controller.OrderRepositoryTest - No active profile set, falling back to default profiles: default
2019-08-29 23:42:36,820 [main] INFO org.springframework.data.repository.config.RepositoryConfigurationDelegate - Bootstrapping Spring Data repositories in DEFAULT mode.
2019-08-29 23:42:36,939 [main] INFO org.springframework.data.repository.config.RepositoryConfigurationDelegate - Finished Spring Data repository scanning in 105ms. Found 4 repository interfaces.
2019-08-29 23:42:37,847 [main] WARN org.springframework.web.context.support.GenericWebApplicationContext - Exception encountered during context initialization - cancelling refresh attempt: org.springframework.beans.factory.UnsatisfiedDependencyException: Error creating bean with name 'webSecurity' defined in file [D:\Workspace\Learning\Udacity spring course\JDND\projects\P04-eCommerce Application\starter_code\target\classes\com\example\demo\security\WebSecurity.class]: Unsatisfied dependency expressed through constructor parameter 0; nested exception is org.springframework.beans.factory.NoSuchBeanDefinitionException: No qualifying bean of type 'com.example.demo.security.UserDetailsServiceImpl' available: expected at least 1 bean which qualifies as autowire candidate. Dependency annotations: {}
2019-08-29 23:42:37,851 [main] INFO org.springframework.boot.autoconfigure.logging.ConditionEvaluationReportLoggingListener - 

Error starting ApplicationContext. To display the conditions report re-run your application with 'debug' enabled.
2019-08-29 23:42:37,883 [main] ERROR org.springframework.boot.diagnostics.LoggingFailureAnalysisReporter - 

***************************
APPLICATION FAILED TO START
***************************

Description:

Parameter 0 of constructor in com.example.demo.security.WebSecurity required a bean of type 'com.example.demo.security.UserDetailsServiceImpl' that could not be found.


Action:

Consider defining a bean of type 'com.example.demo.security.UserDetailsServiceImpl' in your configuration.

2019-08-29 23:42:37,884 [main] ERROR org.springframework.test.context.TestContextManager - Caught exception while allowing TestExecutionListener [org.springframework.boot.test.mock.mockito.MockitoTestExecutionListener@41a0aa7d] to prepare test instance [com.example.demo.controller.OrderRepositoryTest@2436ea2f]
java.lang.IllegalStateException: Failed to load ApplicationContext
	at org.springframework.test.context.cache.DefaultCacheAwareContextLoaderDelegate.loadContext(DefaultCacheAwareContextLoaderDelegate.java:125) ~[spring-test-5.1.7.RELEASE.jar:5.1.7.RELEASE]
	at org.springframework.test.context.support.DefaultTestContext.getApplicationContext(DefaultTestContext.java:108) ~[spring-test-5.1.7.RELEASE.jar:5.1.7.RELEASE]
	at org.springframework.boot.test.mock.mockito.MockitoTestExecutionListener.postProcessFields(MockitoTestExecutionListener.java:99) ~[spring-boot-test-2.1.5.RELEASE.jar:2.1.5.RELEASE]
	at org.springframework.boot.test.mock.mockito.MockitoTestExecutionListener.injectFields(MockitoTestExecutionListener.java:79) ~[spring-boot-test-2.1.5.RELEASE.jar:2.1.5.RELEASE]
	at org.springframework.boot.test.mock.mockito.MockitoTestExecutionListener.prepareTestInstance(MockitoTestExecutionListener.java:54) ~[spring-boot-test-2.1.5.RELEASE.jar:2.1.5.RELEASE]
	at org.springframework.test.context.TestContextManager.prepareTestInstance(TestContextManager.java:246) [spring-test-5.1.7.RELEASE.jar:5.1.7.RELEASE]
	at org.springframework.test.context.junit4.SpringJUnit4ClassRunner.createTest(SpringJUnit4ClassRunner.java:227) [spring-test-5.1.7.RELEASE.jar:5.1.7.RELEASE]
	at org.springframework.test.context.junit4.SpringJUnit4ClassRunner$1.runReflectiveCall(SpringJUnit4ClassRunner.java:289) [spring-test-5.1.7.RELEASE.jar:5.1.7.RELEASE]
	at org.junit.internal.runners.model.ReflectiveCallable.run(ReflectiveCallable.java:12) [junit-4.12.jar:4.12]
	at org.springframework.test.context.junit4.SpringJUnit4ClassRunner.methodBlock(SpringJUnit4ClassRunner.java:291) [spring-test-5.1.7.RELEASE.jar:5.1.7.RELEASE]
	at org.springframework.test.context.junit4.SpringJUnit4ClassRunner.runChild(SpringJUnit4ClassRunner.java:246) [spring-test-5.1.7.RELEASE.jar:5.1.7.RELEASE]
	at org.springframework.test.context.junit4.SpringJUnit4ClassRunner.runChild(SpringJUnit4ClassRunner.java:97) [spring-test-5.1.7.RELEASE.jar:5.1.7.RELEASE]
	at org.junit.runners.ParentRunner$3.run(ParentRunner.java:290) [junit-4.12.jar:4.12]
	at org.junit.runners.ParentRunner$1.schedule(ParentRunner.java:71) [junit-4.12.jar:4.12]
	at org.junit.runners.ParentRunner.runChildren(ParentRunner.java:288) [junit-4.12.jar:4.12]
	at org.junit.runners.ParentRunner.access$000(ParentRunner.java:58) [junit-4.12.jar:4.12]
	at org.junit.runners.ParentRunner$2.evaluate(ParentRunner.java:268) [junit-4.12.jar:4.12]
	at org.springframework.test.context.junit4.statements.RunBeforeTestClassCallbacks.evaluate(RunBeforeTestClassCallbacks.java:61) [spring-test-5.1.7.RELEASE.jar:5.1.7.RELEASE]
	at org.springframework.test.context.junit4.statements.RunAfterTestClassCallbacks.evaluate(RunAfterTestClassCallbacks.java:70) [spring-test-5.1.7.RELEASE.jar:5.1.7.RELEASE]
	at org.junit.runners.ParentRunner.run(ParentRunner.java:363) [junit-4.12.jar:4.12]
	at org.springframework.test.context.junit4.SpringJUnit4ClassRunner.run(SpringJUnit4ClassRunner.java:190) [spring-test-5.1.7.RELEASE.jar:5.1.7.RELEASE]
	at org.junit.runner.JUnitCore.run(JUnitCore.java:137) [junit-4.12.jar:4.12]
	at com.intellij.junit4.JUnit4IdeaTestRunner.startRunnerWithArgs(JUnit4IdeaTestRunner.java:68) [junit-rt.jar:?]
	at com.intellij.rt.execution.junit.IdeaTestRunner$Repeater.startRunnerWithArgs(IdeaTestRunner.java:47) [junit-rt.jar:?]
	at com.intellij.rt.execution.junit.JUnitStarter.prepareStreamsAndStart(JUnitStarter.java:242) [junit-rt.jar:?]
	at com.intellij.rt.execution.junit.JUnitStarter.main(JUnitStarter.java:70) [junit-rt.jar:?]
Caused by: org.springframework.beans.factory.UnsatisfiedDependencyException: Error creating bean with name 'webSecurity' defined in file [D:\Workspace\Learning\Udacity spring course\JDND\projects\P04-eCommerce Application\starter_code\target\classes\com\example\demo\security\WebSecurity.class]: Unsatisfied dependency expressed through constructor parameter 0; nested exception is org.springframework.beans.factory.NoSuchBeanDefinitionException: No qualifying bean of type 'com.example.demo.security.UserDetailsServiceImpl' available: expected at least 1 bean which qualifies as autowire candidate. Dependency annotations: {}
	at org.springframework.beans.factory.support.ConstructorResolver.createArgumentArray(ConstructorResolver.java:769) ~[spring-beans-5.1.7.RELEASE.jar:5.1.7.RELEASE]
	at org.springframework.beans.factory.support.ConstructorResolver.autowireConstructor(ConstructorResolver.java:218) ~[spring-beans-5.1.7.RELEASE.jar:5.1.7.RELEASE]
	at org.springframework.beans.factory.support.AbstractAutowireCapableBeanFactory.autowireConstructor(AbstractAutowireCapableBeanFactory.java:1341) ~[spring-beans-5.1.7.RELEASE.jar:5.1.7.RELEASE]
	at org.springframework.beans.factory.support.AbstractAutowireCapableBeanFactory.createBeanInstance(AbstractAutowireCapableBeanFactory.java:1187) ~[spring-beans-5.1.7.RELEASE.jar:5.1.7.RELEASE]
	at org.springframework.beans.factory.support.AbstractAutowireCapableBeanFactory.doCreateBean(AbstractAutowireCapableBeanFactory.java:555) ~[spring-beans-5.1.7.RELEASE.jar:5.1.7.RELEASE]
	at org.springframework.beans.factory.support.AbstractAutowireCapableBeanFactory.createBean(AbstractAutowireCapableBeanFactory.java:515) ~[spring-beans-5.1.7.RELEASE.jar:5.1.7.RELEASE]
	at org.springframework.beans.factory.support.AbstractBeanFactory.lambda$doGetBean$0(AbstractBeanFactory.java:320) ~[spring-beans-5.1.7.RELEASE.jar:5.1.7.RELEASE]
	at org.springframework.beans.factory.support.DefaultSingletonBeanRegistry.getSingleton(DefaultSingletonBeanRegistry.java:222) ~[spring-beans-5.1.7.RELEASE.jar:5.1.7.RELEASE]
	at org.springframework.beans.factory.support.AbstractBeanFactory.doGetBean(AbstractBeanFactory.java:318) ~[spring-beans-5.1.7.RELEASE.jar:5.1.7.RELEASE]
	at org.springframework.beans.factory.support.AbstractBeanFactory.getBean(AbstractBeanFactory.java:199) ~[spring-beans-5.1.7.RELEASE.jar:5.1.7.RELEASE]
	at org.springframework.beans.factory.support.DefaultListableBeanFactory.preInstantiateSingletons(DefaultListableBeanFactory.java:843) ~[spring-beans-5.1.7.RELEASE.jar:5.1.7.RELEASE]
	at org.springframework.context.support.AbstractApplicationContext.finishBeanFactoryInitialization(AbstractApplicationContext.java:877) ~[spring-context-5.1.7.RELEASE.jar:5.1.7.RELEASE]
	at org.springframework.context.support.AbstractApplicationContext.refresh(AbstractApplicationContext.java:549) ~[spring-context-5.1.7.RELEASE.jar:5.1.7.RELEASE]
	at org.springframework.boot.SpringApplication.refresh(SpringApplication.java:775) ~[spring-boot-2.1.5.RELEASE.jar:2.1.5.RELEASE]
	at org.springframework.boot.SpringApplication.refreshContext(SpringApplication.java:397) ~[spring-boot-2.1.5.RELEASE.jar:2.1.5.RELEASE]
	at org.springframework.boot.SpringApplication.run(SpringApplication.java:316) ~[spring-boot-2.1.5.RELEASE.jar:2.1.5.RELEASE]
	at org.springframework.boot.test.context.SpringBootContextLoader.loadContext(SpringBootContextLoader.java:127) ~[spring-boot-test-2.1.5.RELEASE.jar:2.1.5.RELEASE]
	at org.springframework.test.context.cache.DefaultCacheAwareContextLoaderDelegate.loadContextInternal(DefaultCacheAwareContextLoaderDelegate.java:99) ~[spring-test-5.1.7.RELEASE.jar:5.1.7.RELEASE]
	at org.springframework.test.context.cache.DefaultCacheAwareContextLoaderDelegate.loadContext(DefaultCacheAwareContextLoaderDelegate.java:117) ~[spring-test-5.1.7.RELEASE.jar:5.1.7.RELEASE]
	... 25 more
Caused by: org.springframework.beans.factory.NoSuchBeanDefinitionException: No qualifying bean of type 'com.example.demo.security.UserDetailsServiceImpl' available: expected at least 1 bean which qualifies as autowire candidate. Dependency annotations: {}
	at org.springframework.beans.factory.support.DefaultListableBeanFactory.raiseNoMatchingBeanFound(DefaultListableBeanFactory.java:1655) ~[spring-beans-5.1.7.RELEASE.jar:5.1.7.RELEASE]
	at org.springframework.beans.factory.support.DefaultListableBeanFactory.doResolveDependency(DefaultListableBeanFactory.java:1214) ~[spring-beans-5.1.7.RELEASE.jar:5.1.7.RELEASE]
	at org.springframework.beans.factory.support.DefaultListableBeanFactory.resolveDependency(DefaultListableBeanFactory.java:1168) ~[spring-beans-5.1.7.RELEASE.jar:5.1.7.RELEASE]
	at org.springframework.beans.factory.support.ConstructorResolver.resolveAutowiredArgument(ConstructorResolver.java:857) ~[spring-beans-5.1.7.RELEASE.jar:5.1.7.RELEASE]
	at org.springframework.beans.factory.support.ConstructorResolver.createArgumentArray(ConstructorResolver.java:760) ~[spring-beans-5.1.7.RELEASE.jar:5.1.7.RELEASE]
	at org.springframework.beans.factory.support.ConstructorResolver.autowireConstructor(ConstructorResolver.java:218) ~[spring-beans-5.1.7.RELEASE.jar:5.1.7.RELEASE]
	at org.springframework.beans.factory.support.AbstractAutowireCapableBeanFactory.autowireConstructor(AbstractAutowireCapableBeanFactory.java:1341) ~[spring-beans-5.1.7.RELEASE.jar:5.1.7.RELEASE]
	at org.springframework.beans.factory.support.AbstractAutowireCapableBeanFactory.createBeanInstance(AbstractAutowireCapableBeanFactory.java:1187) ~[spring-beans-5.1.7.RELEASE.jar:5.1.7.RELEASE]
	at org.springframework.beans.factory.support.AbstractAutowireCapableBeanFactory.doCreateBean(AbstractAutowireCapableBeanFactory.java:555) ~[spring-beans-5.1.7.RELEASE.jar:5.1.7.RELEASE]
	at org.springframework.beans.factory.support.AbstractAutowireCapableBeanFactory.createBean(AbstractAutowireCapableBeanFactory.java:515) ~[spring-beans-5.1.7.RELEASE.jar:5.1.7.RELEASE]
	at org.springframework.beans.factory.support.AbstractBeanFactory.lambda$doGetBean$0(AbstractBeanFactory.java:320) ~[spring-beans-5.1.7.RELEASE.jar:5.1.7.RELEASE]
	at org.springframework.beans.factory.support.DefaultSingletonBeanRegistry.getSingleton(DefaultSingletonBeanRegistry.java:222) ~[spring-beans-5.1.7.RELEASE.jar:5.1.7.RELEASE]
	at org.springframework.beans.factory.support.AbstractBeanFactory.doGetBean(AbstractBeanFactory.java:318) ~[spring-beans-5.1.7.RELEASE.jar:5.1.7.RELEASE]
	at org.springframework.beans.factory.support.AbstractBeanFactory.getBean(AbstractBeanFactory.java:199) ~[spring-beans-5.1.7.RELEASE.jar:5.1.7.RELEASE]
	at org.springframework.beans.factory.support.DefaultListableBeanFactory.preInstantiateSingletons(DefaultListableBeanFactory.java:843) ~[spring-beans-5.1.7.RELEASE.jar:5.1.7.RELEASE]
	at org.springframework.context.support.AbstractApplicationContext.finishBeanFactoryInitialization(AbstractApplicationContext.java:877) ~[spring-context-5.1.7.RELEASE.jar:5.1.7.RELEASE]
	at org.springframework.context.support.AbstractApplicationContext.refresh(AbstractApplicationContext.java:549) ~[spring-context-5.1.7.RELEASE.jar:5.1.7.RELEASE]
	at org.springframework.boot.SpringApplication.refresh(SpringApplication.java:775) ~[spring-boot-2.1.5.RELEASE.jar:2.1.5.RELEASE]
	at org.springframework.boot.SpringApplication.refreshContext(SpringApplication.java:397) ~[spring-boot-2.1.5.RELEASE.jar:2.1.5.RELEASE]
	at org.springframework.boot.SpringApplication.run(SpringApplication.java:316) ~[spring-boot-2.1.5.RELEASE.jar:2.1.5.RELEASE]
	at org.springframework.boot.test.context.SpringBootContextLoader.loadContext(SpringBootContextLoader.java:127) ~[spring-boot-test-2.1.5.RELEASE.jar:2.1.5.RELEASE]
	at org.springframework.test.context.cache.DefaultCacheAwareContextLoaderDelegate.loadContextInternal(DefaultCacheAwareContextLoaderDelegate.java:99) ~[spring-test-5.1.7.RELEASE.jar:5.1.7.RELEASE]
	at org.springframework.test.context.cache.DefaultCacheAwareContextLoaderDelegate.loadContext(DefaultCacheAwareContextLoaderDelegate.java:117) ~[spring-test-5.1.7.RELEASE.jar:5.1.7.RELEASE]
	... 25 more
